Test project /home/osboxes/safexcore/build/debug/tests
      Start  1: hash-target
      Start  2: core_tests
      Start  3: cncrypto
      Start  4: unit_tests
      Start  5: difficulty
      Start  6: hash-fast
      Start  7: hash-slow
 1/13 Test  #5: difficulty .......................   Passed    0.15 sec
 2/13 Test  #6: hash-fast ........................   Passed    0.45 sec
 3/13 Test  #7: hash-slow ........................   Passed    0.45 sec
      Start  8: hash-slow-1
      Start  9: hash-tree
      Start 10: hash-extra-blake
 4/13 Test  #1: hash-target ......................   Passed    0.48 sec
 5/13 Test #10: hash-extra-blake .................   Passed    0.01 sec
 6/13 Test  #9: hash-tree ........................   Passed    0.32 sec
 7/13 Test  #8: hash-slow-1 ......................   Passed    0.32 sec
      Start 11: hash-extra-groestl
      Start 12: hash-extra-jh
      Start 13: hash-extra-skein
 8/13 Test #13: hash-extra-skein .................   Passed    0.04 sec
 9/13 Test #12: hash-extra-jh ....................   Passed    0.35 sec
10/13 Test #11: hash-extra-groestl ...............   Passed    0.35 sec
11/13 Test  #3: cncrypto .........................   Passed   21.79 sec
12/13 Test  #4: unit_tests .......................***Failed   34.06 sec
13/13 Test  #2: core_tests .......................   Passed  3591.87 sec

92% tests passed, 1 tests failed out of 13

Total Test time (real) = 3591.96 sec

The following tests FAILED:
	  4 - unit_tests (Failed)
